[2019-12-27 07:31:22] local.ERROR: fopen(/home/tqfproco/crm.traveldoor.ge/storage/fonts//43ed29441a44386a5b3b93c46e9b6448.ufm): failed to open stream: No such file or directory {"exception":"[object] (ErrorException(code: 0): fopen(/home/tqfproco/crm.traveldoor.ge/storage/fonts//43ed29441a44386a5b3b93c46e9b6448.ufm): failed to open stream: No such file or directory at /home/tqfproco/crm.traveldoor.ge/vendor/phenx/php-font-lib/src/FontLib/AdobeFontMetrics.php:45)
[stacktrace]
#0 [internal function]: Illuminate\\Foundation\\Bootstrap\\HandleExceptions->handleError(2, 'fopen(/home/tqf...', '/home/tqfproco/...', 45, Array)
#1 /home/tqfproco/crm.traveldoor.ge/vendor/phenx/php-font-lib/src/FontLib/AdobeFontMetrics.php(45): fopen('/home/tqfproco/...', 'w+')
#2 /home/tqfproco/crm.traveldoor.ge/vendor/phenx/php-font-lib/src/FontLib/TrueType/File.php(361): FontLib\\AdobeFontMetrics->write('/home/tqfproco/...', NULL)
#3 /home/tqfproco/crm.traveldoor.ge/vendor/dompdf/dompdf/src/FontMetrics.php(212): FontLib\\TrueType\\File->saveAdobeFontMetrics('/home/tqfproco/...')
#4 /home/tqfproco/crm.traveldoor.ge/vendor/dompdf/dompdf/src/Css/Stylesheet.php(1537): Dompdf\\FontMetrics->registerFont(Array, 'https://cdnjs.c...', NULL)
#5 /home/tqfproco/crm.traveldoor.ge/vendor/dompdf/dompdf/src/Css/Stylesheet.php(1376): Dompdf\\Css\\Stylesheet->_parse_font_face('font-family:'Fo...')
#6 /home/tqfproco/crm.traveldoor.ge/vendor/dompdf/dompdf/src/Css/Stylesheet.php(388): Dompdf\\Css\\Stylesheet->_parse_css('/*!\
 *  Font Aw...')
#7 /home/tqfproco/crm.traveldoor.ge/vendor/dompdf/dompdf/src/Dompdf.php(622): Dompdf\\Css\\Stylesheet->load_css_file('https://cdnjs.c...', 3)
#8 /home/tqfproco/crm.traveldoor.ge/vendor/dompdf/dompdf/src/Dompdf.php(724): Dompdf\\Dompdf->processHtml()
#9 /home/tqfproco/crm.traveldoor.ge/vendor/barryvdh/laravel-dompdf/src/PDF.php(195): Dompdf\\Dompdf->render()
#10 /home/tqfproco/crm.traveldoor.ge/vendor/barryvdh/laravel-dompdf/src/PDF.php(142): Barryvdh\\DomPDF\\PDF->render()
#11 /home/tqfproco/crm.traveldoor.ge/vendor/barryvdh/laravel-dompdf/src/PDF.php(180): Barryvdh\\DomPDF\\PDF->output()
#12 /home/tqfproco/crm.traveldoor.ge/app/Http/Controllers/ServiceManagement.php(3161): Barryvdh\\DomPDF\\PDF->stream()
#13 [internal function]: App\\Http\\Controllers\\ServiceManagement->pdf(Object(Illuminate\\Http\\Request))
#14 /home/tqfproco/crm.traveldoor.ge/vendor/laravel/framework/src/Illuminate/Routing/Controller.php(54): call_user_func_array(Array, Array)
#15 /home/tqfproco/crm.traveldoor.ge/vendor/laravel/framework/src/Illuminate/Routing/ControllerDispatcher.php(45): Illuminate\\Routing\\Controller->callAction('pdf', Array)
#16 /home/tqfproco/crm.traveldoor.ge/vendor/laravel/framework/src/Illuminate/Routing/Route.php(219): Illuminate\\Routing\\ControllerDispatcher->dispatch(Object(Illuminate\\Routing\\Route), Object(App\\Http\\Controllers\\ServiceManagement), 'pdf')
#17 /home/tqfproco/crm.traveldoor.ge/vendor/laravel/framework/src/Illuminate/Routing/Route.php(176): Illuminate\\Routing\\Route->runController()
#18 /home/tqfproco/crm.traveldoor.ge/vendor/laravel/framework/src/Illuminate/Routing/Router.php(680): Illuminate\\Routing\\Route->run()
#19 /home/tqfproco/crm.traveldoor.ge/vendor/laravel/framework/src/Illuminate/Routing/Pipeline.php(30): Illuminate\\Routing\\Router->Illuminate\\Routing\\{closure}(Object(Illuminate\\Http\\Request))
#20 /home/tqfproco/crm.traveldoor.ge/vendor/laravel/framework/src/Illuminate/Routing/Middleware/SubstituteBindings.php(41): Illuminate\\Routing\\Pipeline->Illuminate\\Routing\\{closure}(Object(Illuminate\\Http\\Request))
#21 /home/tqfproco/crm.traveldoor.ge/vendor/laravel/framework/src/Illuminate/Pipeline/Pipeline.php(163): Illuminate\\Routing\\Middleware\\SubstituteBindings->handle(Object(Illuminate\\Http\\Request), Object(Closure))
#22 /home/tqfproco/crm.traveldoor.ge/vendor/laravel/framework/src/Illuminate/Routing/Pipeline.php(53): Illuminate\\Pipeline\\Pipeline->Illuminate\\Pipeline\\{closure}(Object(Illuminate\\Http\\Request))
#23 /home/tqfproco/crm.traveldoor.ge/vendor/laravel/framework/src/Illuminate/Foundation/Http/Middleware/VerifyCsrfToken.php(75): Illuminate\\Routing\\Pipeline->Illuminate\\Routing\\{closure}(Object(Illuminate\\Http\\Request))
#24 /home/tqfproco/crm.traveldoor.ge/vendor/laravel/framework/src/Illuminate/Pipeline/Pipeline.php(163): Illuminate\\Foundation\\Http\\Middleware\\VerifyCsrfToken->handle(Object(Illuminate\\Http\\Request), Object(Closure))
#25 /home/tqfproco/crm.traveldoor.ge/vendor/laravel/framework/src/Illuminate/Routing/Pipeline.php(53): Illuminate\\Pipeline\\Pipeline->Illuminate\\Pipeline\\{closure}(Object(Illuminate\\Http\\Request))
#26 /home/tqfproco/crm.traveldoor.ge/vendor/laravel/framework/src/Illuminate/View/Middleware/ShareErrorsFromSession.php(49): Illuminate\\Routing\\Pipeline->Illuminate\\Routing\\{closure}(Object(Illuminate\\Http\\Request))
#27 /home/tqfproco/crm.traveldoor.ge/vendor/laravel/framework/src/Illuminate/Pipeline/Pipeline.php(163): Illuminate\\View\\Middleware\\ShareErrorsFromSession->handle(Object(Illuminate\\Http\\Request), Object(Closure))
#28 /home/tqfproco/crm.traveldoor.ge/vendor/laravel/framework/src/Illuminate/Routing/Pipeline.php(53): Illuminate\\Pipeline\\Pipeline->Illuminate\\Pipeline\\{closure}(Object(Illuminate\\Http\\Request))
#29 /home/tqfproco/crm.traveldoor.ge/vendor/laravel/framework/src/Illuminate/Session/Middleware/StartSession.php(56): Illuminate\\Routing\\Pipeline->Illuminate\\Routing\\{closure}(Object(Illuminate\\Http\\Request))
#30 /home/tqfproco/crm.traveldoor.ge/vendor/laravel/framework/src/Illuminate/Pipeline/Pipeline.php(163): Illuminate\\Session\\Middleware\\StartSession->handle(Object(Illuminate\\Http\\Request), Object(Closure))
#31 /home/tqfproco/crm.traveldoor.ge/vendor/laravel/framework/src/Illuminate/Routing/Pipeline.php(53): Illuminate\\Pipeline\\Pipeline->Illuminate\\Pipeline\\{closure}(Object(Illuminate\\Http\\Request))
#32 /home/tqfproco/crm.traveldoor.ge/vendor/laravel/framework/src/Illuminate/Cookie/Middleware/AddQueuedCookiesToResponse.php(37): Illuminate\\Routing\\Pipeline->Illuminate\\Routing\\{closure}(Object(Illuminate\\Http\\Request))
#33 /home/tqfproco/crm.traveldoor.ge/vendor/laravel/framework/src/Illuminate/Pipeline/Pipeline.php(163): Illuminate\\Cookie\\Middleware\\AddQueuedCookiesToResponse->handle(Object(Illuminate\\Http\\Request), Object(Closure))
#34 /home/tqfproco/crm.traveldoor.ge/vendor/laravel/framework/src/Illuminate/Routing/Pipeline.php(53): Illuminate\\Pipeline\\Pipeline->Illuminate\\Pipeline\\{closure}(Object(Illuminate\\Http\\Request))
#35 /home/tqfproco/crm.traveldoor.ge/vendor/laravel/framework/src/Illuminate/Cookie/Middleware/EncryptCookies.php(66): Illuminate\\Routing\\Pipeline->Illuminate\\Routing\\{closure}(Object(Illuminate\\Http\\Request))
#36 /home/tqfproco/crm.traveldoor.ge/vendor/laravel/framework/src/Illuminate/Pipeline/Pipeline.php(163): Illuminate\\Cookie\\Middleware\\EncryptCookies->handle(Object(Illuminate\\Http\\Request), Object(Closure))
#37 /home/tqfproco/crm.traveldoor.ge/vendor/laravel/framework/src/Illuminate/Routing/Pipeline.php(53): Illuminate\\Pipeline\\Pipeline->Illuminate\\Pipeline\\{closure}(Object(Illuminate\\Http\\Request))
#38 /home/tqfproco/crm.traveldoor.ge/vendor/laravel/framework/src/Illuminate/Pipeline/Pipeline.php(104): Illuminate\\Routing\\Pipeline->Illuminate\\Routing\\{closure}(Object(Illuminate\\Http\\Request))
#39 /home/tqfproco/crm.traveldoor.ge/vendor/laravel/framework/src/Illuminate/Routing/Router.php(682): Illuminate\\Pipeline\\Pipeline->then(Object(Closure))
#40 /home/tqfproco/crm.traveldoor.ge/vendor/laravel/framework/src/Illuminate/Routing/Router.php(657): Illuminate\\Routing\\Router->runRouteWithinStack(Object(Illuminate\\Routing\\Route), Object(Illuminate\\Http\\Request))
#41 /home/tqfproco/crm.traveldoor.ge/vendor/laravel/framework/src/Illuminate/Routing/Router.php(623): Illuminate\\Routing\\Router->runRoute(Object(Illuminate\\Http\\Request), Object(Illuminate\\Routing\\Route))
#42 /home/tqfproco/crm.traveldoor.ge/vendor/laravel/framework/src/Illuminate/Routing/Router.php(612): Illuminate\\Routing\\Router->dispatchToRoute(Object(Illuminate\\Http\\Request))
#43 /home/tqfproco/crm.traveldoor.ge/vendor/laravel/framework/src/Illuminate/Foundation/Http/Kernel.php(176): Illuminate\\Routing\\Router->dispatch(Object(Illuminate\\Http\\Request))
#44 /home/tqfproco/crm.traveldoor.ge/vendor/laravel/framework/src/Illuminate/Routing/Pipeline.php(30): Illuminate\\Foundation\\Http\\Kernel->Illuminate\\Foundation\\Http\\{closure}(Object(Illuminate\\Http\\Request))
#45 /home/tqfproco/crm.traveldoor.ge/vendor/laravel/framework/src/Illuminate/Foundation/Http/Middleware/TransformsRequest.php(21): Illuminate\\Routing\\Pipeline->Illuminate\\Routing\\{closure}(Object(Illuminate\\Http\\Request))
#46 /home/tqfproco/crm.traveldoor.ge/vendor/laravel/framework/src/Illuminate/Pipeline/Pipeline.php(163): Illuminate\\Foundation\\Http\\Middleware\\TransformsRequest->handle(Object(Illuminate\\Http\\Request), Object(Closure))
#47 /home/tqfproco/crm.traveldoor.ge/vendor/laravel/framework/src/Illuminate/Routing/Pipeline.php(53): Illuminate\\Pipeline\\Pipeline->Illuminate\\Pipeline\\{closure}(Object(Illuminate\\Http\\Request))
#48 /home/tqfproco/crm.traveldoor.ge/vendor/laravel/framework/src/Illuminate/Foundation/Http/Middleware/TransformsRequest.php(21): Illuminate\\Routing\\Pipeline->Illuminate\\Routing\\{closure}(Object(Illuminate\\Http\\Request))
#49 /home/tqfproco/crm.traveldoor.ge/vendor/laravel/framework/src/Illuminate/Pipeline/Pipeline.php(163): Illuminate\\Foundation\\Http\\Middleware\\TransformsRequest->handle(Object(Illuminate\\Http\\Request), Object(Closure))
#50 /home/tqfproco/crm.traveldoor.ge/vendor/laravel/framework/src/Illuminate/Routing/Pipeline.php(53): Illuminate\\Pipeline\\Pipeline->Illuminate\\Pipeline\\{closure}(Object(Illuminate\\Http\\Request))
#51 /home/tqfproco/crm.traveldoor.ge/vendor/laravel/framework/src/Illuminate/Foundation/Http/Middleware/ValidatePostSize.php(27): Illuminate\\Routing\\Pipeline->Illuminate\\Routing\\{closure}(Object(Illuminate\\Http\\Request))
#52 /home/tqfproco/crm.traveldoor.ge/vendor/laravel/framework/src/Illuminate/Pipeline/Pipeline.php(163): Illuminate\\Foundation\\Http\\Middleware\\ValidatePostSize->handle(Object(Illuminate\\Http\\Request), Object(Closure))
#53 /home/tqfproco/crm.traveldoor.ge/vendor/laravel/framework/src/Illuminate/Routing/Pipeline.php(53): Illuminate\\Pipeline\\Pipeline->Illuminate\\Pipeline\\{closure}(Object(Illuminate\\Http\\Request))
#54 /home/tqfproco/crm.traveldoor.ge/vendor/laravel/framework/src/Illuminate/Foundation/Http/Middleware/CheckForMaintenanceMode.php(62): Illuminate\\Routing\\Pipeline->Illuminate\\Routing\\{closure}(Object(Illuminate\\Http\\Request))
#55 /home/tqfproco/crm.traveldoor.ge/vendor/laravel/framework/src/Illuminate/Pipeline/Pipeline.php(163): Illuminate\\Foundation\\Http\\Middleware\\CheckForMaintenanceMode->handle(Object(Illuminate\\Http\\Request), Object(Closure))
#56 /home/tqfproco/crm.traveldoor.ge/vendor/laravel/framework/src/Illuminate/Routing/Pipeline.php(53): Illuminate\\Pipeline\\Pipeline->Illuminate\\Pipeline\\{closure}(Object(Illuminate\\Http\\Request))
#57 /home/tqfproco/crm.traveldoor.ge/vendor/fideloper/proxy/src/TrustProxies.php(57): Illuminate\\Routing\\Pipeline->Illuminate\\Routing\\{closure}(Object(Illuminate\\Http\\Request))
#58 /home/tqfproco/crm.traveldoor.ge/vendor/laravel/framework/src/Illuminate/Pipeline/Pipeline.php(163): Fideloper\\Proxy\\TrustProxies->handle(Object(Illuminate\\Http\\Request), Object(Closure))
#59 /home/tqfproco/crm.traveldoor.ge/vendor/laravel/framework/src/Illuminate/Routing/Pipeline.php(53): Illuminate\\Pipeline\\Pipeline->Illuminate\\Pipeline\\{closure}(Object(Illuminate\\Http\\Request))
#60 /home/tqfproco/crm.traveldoor.ge/vendor/laravel/framework/src/Illuminate/Pipeline/Pipeline.php(104): Illuminate\\Routing\\Pipeline->Illuminate\\Routing\\{closure}(Object(Illuminate\\Http\\Request))
#61 /home/tqfproco/crm.traveldoor.ge/vendor/laravel/framework/src/Illuminate/Foundation/Http/Kernel.php(151): Illuminate\\Pipeline\\Pipeline->then(Object(Closure))
#62 /home/tqfproco/crm.traveldoor.ge/vendor/laravel/framework/src/Illuminate/Foundation/Http/Kernel.php(116): Illuminate\\Foundation\\Http\\Kernel->sendRequestThroughRouter(Object(Illuminate\\Http\\Request))
#63 /home/tqfproco/crm.traveldoor.ge/public/index.php(55): Illuminate\\Foundation\\Http\\Kernel->handle(Object(Illuminate\\Http\\Request))
#64 /home/tqfproco/crm.traveldoor.ge/index.php(21): require_once('/home/tqfproco/...')
#65 {main}
"} 
